# JRE version: Java(TM) SE Runtime Environment (9.0+11) (build 9.0.4+11)
# Java VM: Java HotSpot(TM) 64-Bit Server VM (9.0.4+11, mixed mode, tiered, compressed oops, g1 gc, windows-amd64)
Heap:
 garbage-first heap   total 468992K, used 206819K [0x0000000700000000, 0x0000000700100e50, 0x00000007c0000000)
  region size 1024K, 24 young (24576K), 1 survivors (1024K)
 Metaspace       used 101325K, capacity 108937K, committed 109000K, reserved 1142784K
  class space    used 14765K, capacity 16063K, committed 16072K, reserved 1048576K
GC Heap History (10 events):
Event: 2285.727 GC heap before
{Heap before GC invocations=1086 (full 118):
 garbage-first heap   total 468992K, used 212656K [0x0000000700000000, 0x0000000700100e50, 0x00000007c0000000)
  region size 1024K, 28 young (28672K), 5 survivors (5120K)
 Metaspace       used 101308K, capacity 108937K, committed 109000K, reserved 1142784K
  class space    used 14765K, capacity 16063K, committed 16072K, reserved 1048576K
}
Event: 2286.131 GC heap after
{Heap after GC invocations=1087 (full 119):
 garbage-first heap   total 468992K, used 183688K [0x0000000700000000, 0x0000000700100e50, 0x00000007c0000000)
  region size 1024K, 0 young (0K), 0 survivors (0K)
 Metaspace       used 101308K, capacity 108937K, committed 109000K, reserved 1142784K
  class space    used 14765K, capacity 16063K, committed 16072K, reserved 1048576K
}
Event: 2286.758 GC heap before
{Heap before GC invocations=1087 (full 119):
 garbage-first heap   total 468992K, used 245128K [0x0000000700000000, 0x0000000700100e50, 0x00000007c0000000)
  region size 1024K, 60 young (61440K), 0 survivors (0K)
 Metaspace       used 101308K, capacity 108937K, committed 109000K, reserved 1142784K
  class space    used 14765K, capacity 16063K, committed 16072K, reserved 1048576K
}
Event: 2286.761 GC heap after
{Heap after GC invocations=1088 (full 119):
 garbage-first heap   total 468992K, used 184587K [0x0000000700000000, 0x0000000700100e50, 0x00000007c0000000)
  region size 1024K, 1 young (1024K), 1 survivors (1024K)
 Metaspace       used 101308K, capacity 108937K, committed 109000K, reserved 1142784K
  class space    used 14765K, capacity 16063K, committed 16072K, reserved 1048576K
}
Event: 2287.929 GC heap before
{Heap before GC invocations=1088 (full 119):
 garbage-first heap   total 468992K, used 245003K [0x0000000700000000, 0x0000000700100e50, 0x00000007c0000000)
  region size 1024K, 60 young (61440K), 1 survivors (1024K)
 Metaspace       used 101308K, capacity 108937K, committed 109000K, reserved 1142784K
  class space    used 14765K, capacity 16063K, committed 16072K, reserved 1048576K
}
Event: 2287.931 GC heap after
{Heap after GC invocations=1089 (full 119):
 garbage-first heap   total 468992K, used 184257K [0x0000000700000000, 0x0000000700100e50, 0x00000007c0000000)
  region size 1024K, 1 young (1024K), 1 survivors (1024K)
 Metaspace       used 101308K, capacity 108937K, committed 109000K, reserved 1142784K
  class space    used 14765K, capacity 16063K, committed 16072K, reserved 1048576K
}
Event: 2290.304 GC heap before
{Heap before GC invocations=1089 (full 119):
 garbage-first heap   total 468992K, used 244673K [0x0000000700000000, 0x0000000700100e50, 0x00000007c0000000)
  region size 1024K, 60 young (61440K), 1 survivors (1024K)
 Metaspace       used 101322K, capacity 108937K, committed 109000K, reserved 1142784K
  class space    used 14765K, capacity 16063K, committed 16072K, reserved 1048576K
}
Event: 2290.310 GC heap after
{Heap after GC invocations=1090 (full 119):
 garbage-first heap   total 468992K, used 184506K [0x0000000700000000, 0x0000000700100e50, 0x00000007c0000000)
  region size 1024K, 1 young (1024K), 1 survivors (1024K)
 Metaspace       used 101322K, capacity 108937K, committed 109000K, reserved 1142784K
  class space    used 14765K, capacity 16063K, committed 16072K, reserved 1048576K
}
Event: 2290.760 GC heap before
{Heap before GC invocations=1090 (full 119):
 garbage-first heap   total 468992K, used 244922K [0x0000000700000000, 0x0000000700100e50, 0x00000007c0000000)
  region size 1024K, 60 young (61440K), 1 survivors (1024K)
 Metaspace       used 101325K, capacity 108937K, committed 109000K, reserved 1142784K
  class space    used 14765K, capacity 16063K, committed 16072K, reserved 1048576K
}
Event: 2290.763 GC heap after
{Heap after GC invocations=1091 (full 119):
 garbage-first heap   total 468992K, used 184291K [0x0000000700000000, 0x0000000700100e50, 0x00000007c0000000)
  region size 1024K, 1 young (1024K), 1 survivors (1024K)
 Metaspace       used 101325K, capacity 108937K, committed 109000K, reserved 1142784K
  class space    used 14765K, capacity 16063K, committed 16072K, reserved 1048576K
}

