# JRE version: Java(TM) SE Runtime Environment (9.0+11) (build 9.0.4+11)
# Java VM: Java HotSpot(TM) 64-Bit Server VM (9.0.4+11, mixed mode, tiered, compressed oops, g1 gc, windows-amd64)
Heap:
 garbage-first heap   total 500736K, used 212609K [0x0000000700000000, 0x0000000700100f48, 0x00000007c0000000)
  region size 1024K, 53 young (54272K), 2 survivors (2048K)
 Metaspace       used 106976K, capacity 109429K, committed 116144K, reserved 1148928K
  class space    used 15386K, capacity 15887K, committed 17328K, reserved 1048576K
GC Heap History (10 events):
Event: 95088.327 GC heap before
{Heap before GC invocations=2321 (full 141):
 garbage-first heap   total 500736K, used 221130K [0x0000000700000000, 0x0000000700100f48, 0x00000007c0000000)
  region size 1024K, 51 young (52224K), 4 survivors (4096K)
 Metaspace       used 106969K, capacity 109429K, committed 116144K, reserved 1148928K
  class space    used 15386K, capacity 15887K, committed 17328K, reserved 1048576K
}
Event: 95089.095 GC heap after
{Heap after GC invocations=2322 (full 142):
 garbage-first heap   total 500736K, used 160350K [0x0000000700000000, 0x0000000700100f48, 0x00000007c0000000)
  region size 1024K, 0 young (0K), 0 survivors (0K)
 Metaspace       used 106969K, capacity 109429K, committed 116144K, reserved 1148928K
  class space    used 15386K, capacity 15887K, committed 17328K, reserved 1048576K
}
Event: 95090.589 GC heap before
{Heap before GC invocations=2322 (full 142):
 garbage-first heap   total 500736K, used 221790K [0x0000000700000000, 0x0000000700100f48, 0x00000007c0000000)
  region size 1024K, 60 young (61440K), 0 survivors (0K)
 Metaspace       used 106970K, capacity 109429K, committed 116144K, reserved 1148928K
  class space    used 15386K, capacity 15887K, committed 17328K, reserved 1048576K
}
Event: 95090.594 GC heap after
{Heap after GC invocations=2323 (full 142):
 garbage-first heap   total 500736K, used 161347K [0x0000000700000000, 0x0000000700100f48, 0x00000007c0000000)
  region size 1024K, 1 young (1024K), 1 survivors (1024K)
 Metaspace       used 106970K, capacity 109429K, committed 116144K, reserved 1148928K
  class space    used 15386K, capacity 15887K, committed 17328K, reserved 1048576K
}
Event: 95091.799 GC heap before
{Heap before GC invocations=2323 (full 142):
 garbage-first heap   total 500736K, used 221763K [0x0000000700000000, 0x0000000700100f48, 0x00000007c0000000)
  region size 1024K, 60 young (61440K), 1 survivors (1024K)
 Metaspace       used 106970K, capacity 109429K, committed 116144K, reserved 1148928K
  class space    used 15386K, capacity 15887K, committed 17328K, reserved 1048576K
}
Event: 95091.805 GC heap after
{Heap after GC invocations=2324 (full 142):
 garbage-first heap   total 500736K, used 161425K [0x0000000700000000, 0x0000000700100f48, 0x00000007c0000000)
  region size 1024K, 2 young (2048K), 2 survivors (2048K)
 Metaspace       used 106970K, capacity 109429K, committed 116144K, reserved 1148928K
  class space    used 15386K, capacity 15887K, committed 17328K, reserved 1048576K
}
Event: 95093.397 GC heap before
{Heap before GC invocations=2324 (full 142):
 garbage-first heap   total 500736K, used 220817K [0x0000000700000000, 0x0000000700100f48, 0x00000007c0000000)
  region size 1024K, 60 young (61440K), 2 survivors (2048K)
 Metaspace       used 106973K, capacity 109429K, committed 116144K, reserved 1148928K
  class space    used 15386K, capacity 15887K, committed 17328K, reserved 1048576K
}
Event: 95093.403 GC heap after
{Heap after GC invocations=2325 (full 142):
 garbage-first heap   total 500736K, used 161486K [0x0000000700000000, 0x0000000700100f48, 0x00000007c0000000)
  region size 1024K, 2 young (2048K), 2 survivors (2048K)
 Metaspace       used 106973K, capacity 109429K, committed 116144K, reserved 1148928K
  class space    used 15386K, capacity 15887K, committed 17328K, reserved 1048576K
}
Event: 95095.591 GC heap before
{Heap before GC invocations=2325 (full 142):
 garbage-first heap   total 500736K, used 220878K [0x0000000700000000, 0x0000000700100f48, 0x00000007c0000000)
  region size 1024K, 60 young (61440K), 2 survivors (2048K)
 Metaspace       used 106974K, capacity 109429K, committed 116144K, reserved 1148928K
  class space    used 15386K, capacity 15887K, committed 17328K, reserved 1048576K
}
Event: 95095.598 GC heap after
{Heap after GC invocations=2326 (full 142):
 garbage-first heap   total 500736K, used 161409K [0x0000000700000000, 0x0000000700100f48, 0x00000007c0000000)
  region size 1024K, 2 young (2048K), 2 survivors (2048K)
 Metaspace       used 106974K, capacity 109429K, committed 116144K, reserved 1148928K
  class space    used 15386K, capacity 15887K, committed 17328K, reserved 1048576K
}

